
> nerdwork-plus@0.1.0 build C:\Users\georg\Documents\work\Saas-Products\nerdwork_plus\apps\web\nerdwork-plus
> next build

   ▲ Next.js 15.3.3

   Creating an optimized production build ...
Failed to compile.

./app/globals.css
Module not found: Can't resolve './@/assets/gallery.png'

https://nextjs.org/docs/messages/module-not-found

Import trace for requested module:
./app/globals.css

./app/globals.css
Module not found: Can't resolve './@/assets/hero-bg.png'

https://nextjs.org/docs/messages/module-not-found

Import trace for requested module:
./app/globals.css

./app/globals.css
Module not found: Can't resolve './@/assets/nerdwork+/gallery.png'

https://nextjs.org/docs/messages/module-not-found

Import trace for requested module:
./app/globals.css

./app/globals.css
Module not found: Can't resolve './@/assets/nerdwork+/plus-hero.png'

https://nextjs.org/docs/messages/module-not-found

Import trace for requested module:
./app/globals.css

./app/globals.css
Module not found: Can't resolve './@/assets/vision.png'

https://nextjs.org/docs/messages/module-not-found

Import trace for requested module:
./app/globals.css


> Build failed because of webpack errors
 ELIFECYCLE  Command failed with exit code 1.
